生成启动时间为 2017/11/13 0:59:33。
     1>项目“E:\development\CppDevelop\ParticleDll\ParticleDll\ParticleDll.vcxproj”在节点 2 上(rebuild 个目标)。
     1>InitializeBuildStatus:
         正在创建“Release\ParticleDll.unsuccessfulbuild”，因为已指定“AlwaysCreate”。
       ClCompile:
         C:\Program Files (x86)\Microsoft Visual Studio 10.0\VC\bin\CL.exe /c /Zi /nologo /W3 /WX- /O2 /Oi /Oy- /GL /D WIN32 /D NDEBUG /D _WINDOWS /D _USRDLL /D PARTICLEDLL_EXPORTS /D _WINDLL /D _UNICODE /D UNICODE /Gm- /EHsc /MD /GS /Gy /fp:precise /Zc:wchar_t /Zc:forScope /Fo"Release\\" /Fd"Release\vc100.pdb" /Gd /TP /analyze- /errorReport:prompt ParticleDll.cpp
         ParticleDll.cpp
     1>e:\development\cppdevelop\particledll\particledll\ParticleDll.h(16): warning C4091: “__declspec(dllexport)”: 没有声明变量时忽略“Vec”的左侧
     1>e:\development\cppdevelop\particledll\particledll\ParticleDll.h(21): warning C4091: “__declspec(dllexport)”: 没有声明变量时忽略“Particle”的左侧
     1>e:\development\cppdevelop\particledll\particledll\ParticleDll.h(43): warning C4091: “__declspec(dllexport)”: 没有声明变量时忽略“ParticleDll”的左侧
     1>ParticleDll.cpp(24): warning C4018: “<”: 有符号/无符号不匹配
       Link:
         C:\Program Files (x86)\Microsoft Visual Studio 10.0\VC\bin\link.exe /ERRORREPORT:PROMPT /OUT:"E:\development\CppDevelop\ParticleDll\Release\ParticleDll.dll" /INCREMENTAL:NO /NOLOGO kernel32.lib user32.lib gdi32.lib winspool.lib comdlg32.lib advapi32.lib shell32.lib ole32.lib oleaut32.lib uuid.lib odbc32.lib odbccp32.lib /MANIFEST /ManifestFile:"Release\ParticleDll.dll.intermediate.manifest" /MANIFESTUAC:"level='asInvoker' uiAccess='false'" /DEBUG /PDB:"E:\development\CppDevelop\ParticleDll\Release\ParticleDll.pdb" /SUBSYSTEM:WINDOWS /OPT:REF /OPT:ICF /LTCG /TLBID:1 /DYNAMICBASE /NXCOMPAT /IMPLIB:"E:\development\CppDevelop\ParticleDll\Release\ParticleDll.lib" /MACHINE:X86 /DLL Release\ParticleDll.obj
            正在创建库 E:\development\CppDevelop\ParticleDll\Release\ParticleDll.lib 和对象 E:\development\CppDevelop\ParticleDll\Release\ParticleDll.exp
         正在生成代码
         已完成代码的生成
         ParticleDll.vcxproj -> E:\development\CppDevelop\ParticleDll\Release\ParticleDll.dll
       Manifest:
         C:\Program Files (x86)\Microsoft SDKs\Windows\v7.0A\bin\mt.exe /nologo /verbose /outputresource:"E:\development\CppDevelop\ParticleDll\Release\ParticleDll.dll;#2" /manifest Release\ParticleDll.dll.intermediate.manifest
       FinalizeBuildStatus:
         正在删除文件“Release\ParticleDll.unsuccessfulbuild”。
         正在对“Release\ParticleDll.lastbuildstate”执行 Touch 任务。
     1>已完成生成项目“E:\development\CppDevelop\ParticleDll\ParticleDll\ParticleDll.vcxproj”(rebuild 个目标)的操作。

生成成功。

已用时间 00:00:00.47
