生成启动时间为 2017/11/13 0:52:47。
     1>项目“E:\development\CppDevelop\ParticleDll\ParticleDll\ParticleDll.vcxproj”在节点 2 上(rebuild 个目标)。
     1>_PrepareForClean:
         正在删除文件“Debug\ParticleDll.lastbuildstate”。
       InitializeBuildStatus:
         正在对“Debug\ParticleDll.unsuccessfulbuild”执行 Touch 任务。
       ClCompile:
         C:\Program Files (x86)\Microsoft Visual Studio 10.0\VC\bin\CL.exe /c /ZI /nologo /W3 /WX- /Od /Oy- /D WIN32 /D _DEBUG /D _WINDOWS /D _USRDLL /D PARTICLEDLL_EXPORTS /D _WINDLL /D _UNICODE /D UNICODE /Gm /EHsc /RTC1 /MDd /GS /fp:precise /Zc:wchar_t /Zc:forScope /Fo"Debug\\" /Fd"Debug\vc100.pdb" /Gd /TP /analyze- /errorReport:prompt TestDll.cpp
         TestDll.cpp
     1>e:\development\cppdevelop\particledll\particledll\testdll.h(16): warning C4091: “__declspec(dllexport)”: 没有声明变量时忽略“Vec”的左侧
     1>e:\development\cppdevelop\particledll\particledll\testdll.h(21): warning C4091: “__declspec(dllexport)”: 没有声明变量时忽略“Particle”的左侧
     1>e:\development\cppdevelop\particledll\particledll\testdll.h(43): warning C4091: “__declspec(dllexport)”: 没有声明变量时忽略“TestDll”的左侧
     1>e:\development\cppdevelop\particledll\particledll\testdll.cpp(24): warning C4018: “<”: 有符号/无符号不匹配
       Link:
         C:\Program Files (x86)\Microsoft Visual Studio 10.0\VC\bin\link.exe /ERRORREPORT:PROMPT /OUT:"E:\development\CppDevelop\ParticleDll\Debug\ParticleDll.dll" /INCREMENTAL /NOLOGO kernel32.lib user32.lib gdi32.lib winspool.lib comdlg32.lib advapi32.lib shell32.lib ole32.lib oleaut32.lib uuid.lib odbc32.lib odbccp32.lib /MANIFEST /ManifestFile:"Debug\ParticleDll.dll.intermediate.manifest" /MANIFESTUAC:"level='asInvoker' uiAccess='false'" /DEBUG /PDB:"E:\development\CppDevelop\ParticleDll\Debug\ParticleDll.pdb" /SUBSYSTEM:WINDOWS /TLBID:1 /DYNAMICBASE /NXCOMPAT /IMPLIB:"E:\development\CppDevelop\ParticleDll\Debug\ParticleDll.lib" /MACHINE:X86 /DLL Debug\TestDll.obj
            正在创建库 E:\development\CppDevelop\ParticleDll\Debug\ParticleDll.lib 和对象 E:\development\CppDevelop\ParticleDll\Debug\ParticleDll.exp
         ParticleDll.vcxproj -> E:\development\CppDevelop\ParticleDll\Debug\ParticleDll.dll
       Manifest:
         C:\Program Files (x86)\Microsoft SDKs\Windows\v7.0A\bin\mt.exe /nologo /verbose /out:"E:\development\CppDevelop\ParticleDll\Debug\ParticleDll.dll.manifest" /manifest Debug\ParticleDll.dll.intermediate.manifest
       FinalizeBuildStatus:
         正在删除文件“Debug\ParticleDll.unsuccessfulbuild”。
         正在对“Debug\ParticleDll.lastbuildstate”执行 Touch 任务。
     1>已完成生成项目“E:\development\CppDevelop\ParticleDll\ParticleDll\ParticleDll.vcxproj”(rebuild 个目标)的操作。

生成成功。

已用时间 00:00:00.50
